<?xml version="1.0" encoding="UTF-8"?>
<!-- Generated by org.testng.reporters.JUnitXMLReporter -->
<testsuite ignored="0" hostname="DESKTOP-R0GNJAC" failures="0" tests="2" name="Default test" time="4.042" errors="0" timestamp="26 Oct 2021 07:05:41 GMT">
  <testcase classname="com.qa.api.gorest.tests.GetUserTest" name="getUserListAPITest" time="3.449"/>
  <testcase classname="com.qa.api.gorest.tests.GetUserTest" name="getUserWithQueryParamsAPITest" time="0.529"/>
</testsuite> <!-- Default test -->
