<?xml version="1.0" encoding="UTF-8"?>
<!-- Generated by org.testng.reporters.JUnitXMLReporter -->
<testsuite ignored="2" hostname="DESKTOP-R0GNJAC" failures="0" tests="1" name="Default test" time="5.998" errors="0" timestamp="09 Nov 2021 16:50:55 GMT">
  <testcase classname="com.qa.api.gorest.tests.GetImgurAPITest" name="getComments" time="2.281"/>
  <testcase classname="com.qa.api.gorest.tests.GetImgurAPITest" name="accountBlockStatus" time="0.0">
    <ignored/>
  </testcase> <!-- accountBlockStatus -->
  <testcase classname="com.qa.api.gorest.tests.GetImgurAPITest" name="getAccountImageTest" time="0.0">
    <ignored/>
  </testcase> <!-- getAccountImageTest -->
</testsuite> <!-- Default test -->
