<?xml version="1.0" encoding="UTF-8"?>
<!-- Generated by org.testng.reporters.JUnitXMLReporter -->
<testsuite ignored="0" hostname="DESKTOP-R0GNJAC" failures="0" tests="9" name="Rest API regression Test" time="19.78" errors="0" timestamp="10 Nov 2021 18:29:55 GMT">
  <testcase classname="com.qa.api.gorest.tests.CreateUserTest" name="createUserAPIPOSTTest" time="2.82"/>
  <testcase classname="com.qa.api.gorest.tests.GetUserTest" name="getUserListAPITest" time="4.743"/>
  <testcase classname="com.qa.api.gorest.tests.CreateUserTest" name="createUserAPIPOSTTest" time="0.494"/>
  <testcase classname="com.qa.api.gorest.tests.CreateUserTest" name="createUserAPIPOSTTest" time="0.413"/>
  <testcase classname="com.qa.api.gorest.tests.GetImgurAPITest" name="getAccountBlockStatus" time="1.215"/>
  <testcase classname="com.qa.api.gorest.tests.GetUserTest" name="getUserWithQueryParamsAPITest" time="0.429"/>
  <testcase classname="com.qa.api.gorest.tests.GetImgurAPITest" name="getAccountImageTest" time="1.277"/>
  <testcase classname="com.qa.api.gorest.tests.GetImgurAPITest" name="getComments" time="2.844"/>
  <testcase classname="com.qa.api.gorest.tests.GetImgurAPITest" name="uploadImagePostAPITest" time="3.368"/>
</testsuite> <!-- Rest API regression Test -->
