<?xml version="1.0" encoding="UTF-8"?>
<testng-results ignored="0" total="9" passed="9" failed="0" skipped="0">
  <reporter-output>
  </reporter-output>
  <suite started-at="2021-11-11T16:38:16Z" name="Rest API Test Suite" finished-at="2021-11-11T16:38:39Z" duration-ms="23584">
    <groups>
    </groups>
    <test started-at="2021-11-11T16:38:16Z" name="Rest API regression Test" finished-at="2021-11-11T16:38:39Z" duration-ms="23584">
      <class name="com.qa.api.gorest.tests.CreateUserTest">
        <test-method signature="createUserAPIPOSTTest(java.lang.String, java.lang.String, java.lang.String, java.lang.String, java.lang.String)[pri:0, instance:com.qa.api.gorest.tests.CreateUserTest@6631cb64]" started-at="2021-11-11T16:38:20Z" name="createUserAPIPOSTTest" data-provider="getUserData" finished-at="2021-11-11T16:38:24Z" duration-ms="4646" status="PASS">
          <params>
            <param index="0">
              <value>
                <![CDATA[Aditya Jain]]>
              </value>
            </param>
            <param index="1">
              <value>
                <![CDATA[aditya345b@hotmail.com]]>
              </value>
            </param>
            <param index="2">
              <value>
                <![CDATA[male]]>
              </value>
            </param>
            <param index="3">
              <value>
                <![CDATA[25-Aug-1998]]>
              </value>
            </param>
            <param index="4">
              <value>
                <![CDATA[active]]>
              </value>
            </param>
          </params>
          <reporter-output>
          </reporter-output>
        </test-method> <!-- createUserAPIPOSTTest -->
        <test-method signature="createUserAPIPOSTTest(java.lang.String, java.lang.String, java.lang.String, java.lang.String, java.lang.String)[pri:0, instance:com.qa.api.gorest.tests.CreateUserTest@6631cb64]" started-at="2021-11-11T16:38:25Z" name="createUserAPIPOSTTest" data-provider="getUserData" finished-at="2021-11-11T16:38:25Z" duration-ms="613" status="PASS">
          <params>
            <param index="0">
              <value>
                <![CDATA[Priya]]>
              </value>
            </param>
            <param index="1">
              <value>
                <![CDATA[priya123@hotmail.com]]>
              </value>
            </param>
            <param index="2">
              <value>
                <![CDATA[Female]]>
              </value>
            </param>
            <param index="3">
              <value>
                <![CDATA[19-Jul-1993]]>
              </value>
            </param>
            <param index="4">
              <value>
                <![CDATA[inactive]]>
              </value>
            </param>
          </params>
          <reporter-output>
          </reporter-output>
        </test-method> <!-- createUserAPIPOSTTest -->
        <test-method signature="createUserAPIPOSTTest(java.lang.String, java.lang.String, java.lang.String, java.lang.String, java.lang.String)[pri:0, instance:com.qa.api.gorest.tests.CreateUserTest@6631cb64]" started-at="2021-11-11T16:38:25Z" name="createUserAPIPOSTTest" data-provider="getUserData" finished-at="2021-11-11T16:38:26Z" duration-ms="438" status="PASS">
          <params>
            <param index="0">
              <value>
                <![CDATA[Gaurav]]>
              </value>
            </param>
            <param index="1">
              <value>
                <![CDATA[gonu123k@alld.in]]>
              </value>
            </param>
            <param index="2">
              <value>
                <![CDATA[male]]>
              </value>
            </param>
            <param index="3">
              <value>
                <![CDATA[05-Jul-1990]]>
              </value>
            </param>
            <param index="4">
              <value>
                <![CDATA[active]]>
              </value>
            </param>
          </params>
          <reporter-output>
          </reporter-output>
        </test-method> <!-- createUserAPIPOSTTest -->
      </class> <!-- com.qa.api.gorest.tests.CreateUserTest -->
      <class name="com.qa.api.gorest.tests.GetImgurAPITest">
        <test-method is-config="true" signature="setUp()[pri:0, instance:com.qa.api.gorest.tests.GetImgurAPITest@481e91b6]" started-at="2021-11-11T16:38:26Z" name="setUp" finished-at="2021-11-11T16:38:27Z" duration-ms="1548" status="PASS">
          <reporter-output>
          </reporter-output>
        </test-method> <!-- setUp -->
        <test-method signature="getAccountBlockStatus()[pri:1, instance:com.qa.api.gorest.tests.GetImgurAPITest@481e91b6]" started-at="2021-11-11T16:38:27Z" name="getAccountBlockStatus" finished-at="2021-11-11T16:38:28Z" duration-ms="1151" status="PASS">
          <reporter-output>
          </reporter-output>
        </test-method> <!-- getAccountBlockStatus -->
        <test-method is-config="true" signature="setUp()[pri:0, instance:com.qa.api.gorest.tests.GetImgurAPITest@481e91b6]" started-at="2021-11-11T16:38:28Z" name="setUp" finished-at="2021-11-11T16:38:29Z" duration-ms="1020" status="PASS">
          <reporter-output>
          </reporter-output>
        </test-method> <!-- setUp -->
        <test-method signature="getAccountImageTest()[pri:2, instance:com.qa.api.gorest.tests.GetImgurAPITest@481e91b6]" started-at="2021-11-11T16:38:29Z" name="getAccountImageTest" finished-at="2021-11-11T16:38:31Z" duration-ms="1306" status="PASS">
          <reporter-output>
          </reporter-output>
        </test-method> <!-- getAccountImageTest -->
        <test-method is-config="true" signature="setUp()[pri:0, instance:com.qa.api.gorest.tests.GetImgurAPITest@481e91b6]" started-at="2021-11-11T16:38:31Z" name="setUp" finished-at="2021-11-11T16:38:32Z" duration-ms="938" status="PASS">
          <reporter-output>
          </reporter-output>
        </test-method> <!-- setUp -->
        <test-method signature="getComments()[pri:3, instance:com.qa.api.gorest.tests.GetImgurAPITest@481e91b6]" started-at="2021-11-11T16:38:32Z" name="getComments" finished-at="2021-11-11T16:38:35Z" duration-ms="3257" status="PASS">
          <reporter-output>
          </reporter-output>
        </test-method> <!-- getComments -->
        <test-method is-config="true" signature="setUp()[pri:0, instance:com.qa.api.gorest.tests.GetImgurAPITest@481e91b6]" started-at="2021-11-11T16:38:35Z" name="setUp" finished-at="2021-11-11T16:38:36Z" duration-ms="1010" status="PASS">
          <reporter-output>
          </reporter-output>
        </test-method> <!-- setUp -->
        <test-method signature="uploadImagePostAPITest()[pri:4, instance:com.qa.api.gorest.tests.GetImgurAPITest@481e91b6]" started-at="2021-11-11T16:38:36Z" name="uploadImagePostAPITest" finished-at="2021-11-11T16:38:39Z" duration-ms="3480" status="PASS">
          <reporter-output>
          </reporter-output>
        </test-method> <!-- uploadImagePostAPITest -->
      </class> <!-- com.qa.api.gorest.tests.GetImgurAPITest -->
      <class name="com.qa.api.gorest.tests.GetUserTest">
        <test-method signature="getUserListAPITest()[pri:0, instance:com.qa.api.gorest.tests.GetUserTest@19962194]" started-at="2021-11-11T16:38:16Z" name="getUserListAPITest" finished-at="2021-11-11T16:38:24Z" duration-ms="8447" status="PASS">
          <reporter-output>
          </reporter-output>
        </test-method> <!-- getUserListAPITest -->
        <test-method signature="getUserWithQueryParamsAPITest()[pri:2, instance:com.qa.api.gorest.tests.GetUserTest@19962194]" started-at="2021-11-11T16:38:28Z" name="getUserWithQueryParamsAPITest" finished-at="2021-11-11T16:38:29Z" duration-ms="446" status="PASS">
          <reporter-output>
          </reporter-output>
        </test-method> <!-- getUserWithQueryParamsAPITest -->
      </class> <!-- com.qa.api.gorest.tests.GetUserTest -->
    </test> <!-- Rest API regression Test -->
  </suite> <!-- Rest API Test Suite -->
</testng-results>
