<?xml version="1.0" encoding="UTF-8"?>
<testng-results ignored="2" total="3" passed="1" failed="0" skipped="0">
  <reporter-output>
  </reporter-output>
  <suite started-at="2021-11-09T16:50:49Z" name="Default suite" finished-at="2021-11-09T16:50:55Z" duration-ms="5998">
    <groups>
    </groups>
    <test started-at="2021-11-09T16:50:49Z" name="Default test" finished-at="2021-11-09T16:50:55Z" duration-ms="5998">
      <class name="com.qa.api.gorest.tests.GetImgurAPITest">
        <test-method is-config="true" signature="setUp()[pri:0, instance:com.qa.api.gorest.tests.GetImgurAPITest@3f56875e]" started-at="2021-11-09T16:50:49Z" name="setUp" finished-at="2021-11-09T16:50:53Z" duration-ms="3681" status="PASS">
          <reporter-output>
          </reporter-output>
        </test-method> <!-- setUp -->
        <test-method signature="getComments()[pri:3, instance:com.qa.api.gorest.tests.GetImgurAPITest@3f56875e]" started-at="2021-11-09T16:50:53Z" name="getComments" finished-at="2021-11-09T16:50:55Z" duration-ms="2281" status="PASS">
          <reporter-output>
          </reporter-output>
        </test-method> <!-- getComments -->
      </class> <!-- com.qa.api.gorest.tests.GetImgurAPITest -->
    </test> <!-- Default test -->
  </suite> <!-- Default suite -->
</testng-results>
